CRITICAL - 2022-03-24 11:05:45 --> Undefined variable $libros
#0 C:\xampp\htdocs\biblioteca\app\Views\libros\listar.php(11): CodeIgniter\Debug\Exceptions->errorHandler(2, 'Undefined varia...', 'C:\\xampp\\htdocs...', 11)
#1 C:\xampp\htdocs\biblioteca\system\View\View.php(210): include('C:\\xampp\\htdocs...')
#2 C:\xampp\htdocs\biblioteca\system\View\View.php(213): CodeIgniter\View\View->CodeIgniter\View\{closure}()
#3 C:\xampp\htdocs\biblioteca\system\Common.php(1089): CodeIgniter\View\View->render('libros/listar', Array, true)
#4 C:\xampp\htdocs\biblioteca\app\Controllers\Home.php(9): view('libros/listar')
#5 C:\xampp\htdocs\biblioteca\system\CodeIgniter.php(832): App\Controllers\Home->index()
#6 C:\xampp\htdocs\biblioteca\system\CodeIgniter.php(419): CodeIgniter\CodeIgniter->runController(Object(App\Controllers\Home))
#7 C:\xampp\htdocs\biblioteca\system\CodeIgniter.php(326): CodeIgniter\CodeIgniter->handleRequest(NULL, Object(Config\Cache), false)
#8 C:\xampp\htdocs\biblioteca\public\index.php(37): CodeIgniter\CodeIgniter->run()
#9 {main}
CRITICAL - 2022-03-24 11:33:33 --> syntax error, unexpected end of file
#0 C:\xampp\htdocs\biblioteca\system\View\View.php(213): CodeIgniter\View\View->CodeIgniter\View\{closure}()
#1 C:\xampp\htdocs\biblioteca\system\Common.php(1089): CodeIgniter\View\View->render('Libros/listar', Array, true)
#2 C:\xampp\htdocs\biblioteca\app\Controllers\LibroController.php(12): view('Libros/listar', Array)
#3 C:\xampp\htdocs\biblioteca\system\CodeIgniter.php(832): App\Controllers\LibroController->index()
#4 C:\xampp\htdocs\biblioteca\system\CodeIgniter.php(419): CodeIgniter\CodeIgniter->runController(Object(App\Controllers\LibroController))
#5 C:\xampp\htdocs\biblioteca\system\CodeIgniter.php(326): CodeIgniter\CodeIgniter->handleRequest(NULL, Object(Config\Cache), false)
#6 C:\xampp\htdocs\biblioteca\public\index.php(37): CodeIgniter\CodeIgniter->run()
#7 {main}
CRITICAL - 2022-03-24 11:33:50 --> syntax error, unexpected end of file
#0 C:\xampp\htdocs\biblioteca\system\View\View.php(213): CodeIgniter\View\View->CodeIgniter\View\{closure}()
#1 C:\xampp\htdocs\biblioteca\system\Common.php(1089): CodeIgniter\View\View->render('Libros/listar', Array, true)
#2 C:\xampp\htdocs\biblioteca\app\Controllers\LibroController.php(12): view('Libros/listar', Array)
#3 C:\xampp\htdocs\biblioteca\system\CodeIgniter.php(832): App\Controllers\LibroController->index()
#4 C:\xampp\htdocs\biblioteca\system\CodeIgniter.php(419): CodeIgniter\CodeIgniter->runController(Object(App\Controllers\LibroController))
#5 C:\xampp\htdocs\biblioteca\system\CodeIgniter.php(326): CodeIgniter\CodeIgniter->handleRequest(NULL, Object(Config\Cache), false)
#6 C:\xampp\htdocs\biblioteca\public\index.php(37): CodeIgniter\CodeIgniter->run()
#7 {main}
CRITICAL - 2022-03-24 11:34:08 --> syntax error, unexpected end of file
#0 C:\xampp\htdocs\biblioteca\system\View\View.php(213): CodeIgniter\View\View->CodeIgniter\View\{closure}()
#1 C:\xampp\htdocs\biblioteca\system\Common.php(1089): CodeIgniter\View\View->render('Libros/listar', Array, true)
#2 C:\xampp\htdocs\biblioteca\app\Controllers\LibroController.php(12): view('Libros/listar', Array)
#3 C:\xampp\htdocs\biblioteca\system\CodeIgniter.php(832): App\Controllers\LibroController->index()
#4 C:\xampp\htdocs\biblioteca\system\CodeIgniter.php(419): CodeIgniter\CodeIgniter->runController(Object(App\Controllers\LibroController))
#5 C:\xampp\htdocs\biblioteca\system\CodeIgniter.php(326): CodeIgniter\CodeIgniter->handleRequest(NULL, Object(Config\Cache), false)
#6 C:\xampp\htdocs\biblioteca\public\index.php(37): CodeIgniter\CodeIgniter->run()
#7 {main}
CRITICAL - 2022-03-24 11:34:31 --> syntax error, unexpected end of file
#0 C:\xampp\htdocs\biblioteca\system\View\View.php(213): CodeIgniter\View\View->CodeIgniter\View\{closure}()
#1 C:\xampp\htdocs\biblioteca\system\Common.php(1089): CodeIgniter\View\View->render('Libros/listar', Array, true)
#2 C:\xampp\htdocs\biblioteca\app\Controllers\LibroController.php(12): view('Libros/listar', Array)
#3 C:\xampp\htdocs\biblioteca\system\CodeIgniter.php(832): App\Controllers\LibroController->index()
#4 C:\xampp\htdocs\biblioteca\system\CodeIgniter.php(419): CodeIgniter\CodeIgniter->runController(Object(App\Controllers\LibroController))
#5 C:\xampp\htdocs\biblioteca\system\CodeIgniter.php(326): CodeIgniter\CodeIgniter->handleRequest(NULL, Object(Config\Cache), false)
#6 C:\xampp\htdocs\biblioteca\public\index.php(37): CodeIgniter\CodeIgniter->run()
#7 {main}
CRITICAL - 2022-03-24 11:34:31 --> syntax error, unexpected end of file
#0 C:\xampp\htdocs\biblioteca\system\View\View.php(213): CodeIgniter\View\View->CodeIgniter\View\{closure}()
#1 C:\xampp\htdocs\biblioteca\system\Common.php(1089): CodeIgniter\View\View->render('Libros/listar', Array, true)
#2 C:\xampp\htdocs\biblioteca\app\Controllers\LibroController.php(12): view('Libros/listar', Array)
#3 C:\xampp\htdocs\biblioteca\system\CodeIgniter.php(832): App\Controllers\LibroController->index()
#4 C:\xampp\htdocs\biblioteca\system\CodeIgniter.php(419): CodeIgniter\CodeIgniter->runController(Object(App\Controllers\LibroController))
#5 C:\xampp\htdocs\biblioteca\system\CodeIgniter.php(326): CodeIgniter\CodeIgniter->handleRequest(NULL, Object(Config\Cache), false)
#6 C:\xampp\htdocs\biblioteca\public\index.php(37): CodeIgniter\CodeIgniter->run()
#7 {main}
CRITICAL - 2022-03-24 11:35:07 --> Undefined array key ""
#0 C:\xampp\htdocs\biblioteca\app\Views\libros\listar.php(27): CodeIgniter\Debug\Exceptions->errorHandler(2, 'Undefined array...', 'C:\\xampp\\htdocs...', 27)
#1 C:\xampp\htdocs\biblioteca\system\View\View.php(210): include('C:\\xampp\\htdocs...')
#2 C:\xampp\htdocs\biblioteca\system\View\View.php(213): CodeIgniter\View\View->CodeIgniter\View\{closure}()
#3 C:\xampp\htdocs\biblioteca\system\Common.php(1089): CodeIgniter\View\View->render('Libros/listar', Array, true)
#4 C:\xampp\htdocs\biblioteca\app\Controllers\LibroController.php(12): view('Libros/listar', Array)
#5 C:\xampp\htdocs\biblioteca\system\CodeIgniter.php(832): App\Controllers\LibroController->index()
#6 C:\xampp\htdocs\biblioteca\system\CodeIgniter.php(419): CodeIgniter\CodeIgniter->runController(Object(App\Controllers\LibroController))
#7 C:\xampp\htdocs\biblioteca\system\CodeIgniter.php(326): CodeIgniter\CodeIgniter->handleRequest(NULL, Object(Config\Cache), false)
#8 C:\xampp\htdocs\biblioteca\public\index.php(37): CodeIgniter\CodeIgniter->run()
#9 {main}
CRITICAL - 2022-03-24 11:35:09 --> Undefined array key ""
#0 C:\xampp\htdocs\biblioteca\app\Views\libros\listar.php(27): CodeIgniter\Debug\Exceptions->errorHandler(2, 'Undefined array...', 'C:\\xampp\\htdocs...', 27)
#1 C:\xampp\htdocs\biblioteca\system\View\View.php(210): include('C:\\xampp\\htdocs...')
#2 C:\xampp\htdocs\biblioteca\system\View\View.php(213): CodeIgniter\View\View->CodeIgniter\View\{closure}()
#3 C:\xampp\htdocs\biblioteca\system\Common.php(1089): CodeIgniter\View\View->render('Libros/listar', Array, true)
#4 C:\xampp\htdocs\biblioteca\app\Controllers\LibroController.php(12): view('Libros/listar', Array)
#5 C:\xampp\htdocs\biblioteca\system\CodeIgniter.php(832): App\Controllers\LibroController->index()
#6 C:\xampp\htdocs\biblioteca\system\CodeIgniter.php(419): CodeIgniter\CodeIgniter->runController(Object(App\Controllers\LibroController))
#7 C:\xampp\htdocs\biblioteca\system\CodeIgniter.php(326): CodeIgniter\CodeIgniter->handleRequest(NULL, Object(Config\Cache), false)
#8 C:\xampp\htdocs\biblioteca\public\index.php(37): CodeIgniter\CodeIgniter->run()
#9 {main}
CRITICAL - 2022-03-24 11:36:15 --> Undefined array key ""
#0 C:\xampp\htdocs\biblioteca\app\Views\libros\listar.php(27): CodeIgniter\Debug\Exceptions->errorHandler(2, 'Undefined array...', 'C:\\xampp\\htdocs...', 27)
#1 C:\xampp\htdocs\biblioteca\system\View\View.php(210): include('C:\\xampp\\htdocs...')
#2 C:\xampp\htdocs\biblioteca\system\View\View.php(213): CodeIgniter\View\View->CodeIgniter\View\{closure}()
#3 C:\xampp\htdocs\biblioteca\system\Common.php(1089): CodeIgniter\View\View->render('Libros/listar', Array, true)
#4 C:\xampp\htdocs\biblioteca\app\Controllers\LibroController.php(12): view('Libros/listar', Array)
#5 C:\xampp\htdocs\biblioteca\system\CodeIgniter.php(832): App\Controllers\LibroController->index()
#6 C:\xampp\htdocs\biblioteca\system\CodeIgniter.php(419): CodeIgniter\CodeIgniter->runController(Object(App\Controllers\LibroController))
#7 C:\xampp\htdocs\biblioteca\system\CodeIgniter.php(326): CodeIgniter\CodeIgniter->handleRequest(NULL, Object(Config\Cache), false)
#8 C:\xampp\htdocs\biblioteca\public\index.php(37): CodeIgniter\CodeIgniter->run()
#9 {main}
CRITICAL - 2022-03-24 11:36:44 --> Undefined array key ""
#0 C:\xampp\htdocs\biblioteca\app\Views\libros\listar.php(28): CodeIgniter\Debug\Exceptions->errorHandler(2, 'Undefined array...', 'C:\\xampp\\htdocs...', 28)
#1 C:\xampp\htdocs\biblioteca\system\View\View.php(210): include('C:\\xampp\\htdocs...')
#2 C:\xampp\htdocs\biblioteca\system\View\View.php(213): CodeIgniter\View\View->CodeIgniter\View\{closure}()
#3 C:\xampp\htdocs\biblioteca\system\Common.php(1089): CodeIgniter\View\View->render('Libros/listar', Array, true)
#4 C:\xampp\htdocs\biblioteca\app\Controllers\LibroController.php(12): view('Libros/listar', Array)
#5 C:\xampp\htdocs\biblioteca\system\CodeIgniter.php(832): App\Controllers\LibroController->index()
#6 C:\xampp\htdocs\biblioteca\system\CodeIgniter.php(419): CodeIgniter\CodeIgniter->runController(Object(App\Controllers\LibroController))
#7 C:\xampp\htdocs\biblioteca\system\CodeIgniter.php(326): CodeIgniter\CodeIgniter->handleRequest(NULL, Object(Config\Cache), false)
#8 C:\xampp\htdocs\biblioteca\public\index.php(37): CodeIgniter\CodeIgniter->run()
#9 {main}
CRITICAL - 2022-03-24 11:45:34 --> Invalid file: templates/header.php
#0 C:\xampp\htdocs\biblioteca\system\View\View.php(198): CodeIgniter\Exceptions\FrameworkException::forInvalidFile('templates/heade...')
#1 C:\xampp\htdocs\biblioteca\system\Common.php(1089): CodeIgniter\View\View->render('templates/heade...', Array, true)
#2 C:\xampp\htdocs\biblioteca\app\Controllers\LibroController.php(13): view('templates/heade...')
#3 C:\xampp\htdocs\biblioteca\system\CodeIgniter.php(832): App\Controllers\LibroController->index()
#4 C:\xampp\htdocs\biblioteca\system\CodeIgniter.php(419): CodeIgniter\CodeIgniter->runController(Object(App\Controllers\LibroController))
#5 C:\xampp\htdocs\biblioteca\system\CodeIgniter.php(326): CodeIgniter\CodeIgniter->handleRequest(NULL, Object(Config\Cache), false)
#6 C:\xampp\htdocs\biblioteca\public\index.php(37): CodeIgniter\CodeIgniter->run()
#7 {main}
CRITICAL - 2022-03-24 11:47:46 --> Invalid file: templates/header.php
#0 C:\xampp\htdocs\biblioteca\system\View\View.php(198): CodeIgniter\Exceptions\FrameworkException::forInvalidFile('templates/heade...')
#1 C:\xampp\htdocs\biblioteca\system\Common.php(1089): CodeIgniter\View\View->render('templates/heade...', Array, true)
#2 C:\xampp\htdocs\biblioteca\app\Controllers\LibroController.php(13): view('templates/heade...')
#3 C:\xampp\htdocs\biblioteca\system\CodeIgniter.php(832): App\Controllers\LibroController->index()
#4 C:\xampp\htdocs\biblioteca\system\CodeIgniter.php(419): CodeIgniter\CodeIgniter->runController(Object(App\Controllers\LibroController))
#5 C:\xampp\htdocs\biblioteca\system\CodeIgniter.php(326): CodeIgniter\CodeIgniter->handleRequest(NULL, Object(Config\Cache), false)
#6 C:\xampp\htdocs\biblioteca\public\index.php(37): CodeIgniter\CodeIgniter->run()
#7 {main}
CRITICAL - 2022-03-24 11:48:17 --> Invalid file: templates/header.php
#0 C:\xampp\htdocs\biblioteca\system\View\View.php(198): CodeIgniter\Exceptions\FrameworkException::forInvalidFile('templates/heade...')
#1 C:\xampp\htdocs\biblioteca\system\Common.php(1089): CodeIgniter\View\View->render('templates/heade...', Array, true)
#2 C:\xampp\htdocs\biblioteca\app\Controllers\LibroController.php(13): view('templates/heade...')
#3 C:\xampp\htdocs\biblioteca\system\CodeIgniter.php(832): App\Controllers\LibroController->index()
#4 C:\xampp\htdocs\biblioteca\system\CodeIgniter.php(419): CodeIgniter\CodeIgniter->runController(Object(App\Controllers\LibroController))
#5 C:\xampp\htdocs\biblioteca\system\CodeIgniter.php(326): CodeIgniter\CodeIgniter->handleRequest(NULL, Object(Config\Cache), false)
#6 C:\xampp\htdocs\biblioteca\public\index.php(37): CodeIgniter\CodeIgniter->run()
#7 {main}
CRITICAL - 2022-03-24 11:48:29 --> Invalid file: templates/header.php
#0 C:\xampp\htdocs\biblioteca\system\View\View.php(198): CodeIgniter\Exceptions\FrameworkException::forInvalidFile('templates/heade...')
#1 C:\xampp\htdocs\biblioteca\system\Common.php(1089): CodeIgniter\View\View->render('templates/heade...', Array, true)
#2 C:\xampp\htdocs\biblioteca\app\Controllers\LibroController.php(13): view('templates/heade...')
#3 C:\xampp\htdocs\biblioteca\system\CodeIgniter.php(832): App\Controllers\LibroController->index()
#4 C:\xampp\htdocs\biblioteca\system\CodeIgniter.php(419): CodeIgniter\CodeIgniter->runController(Object(App\Controllers\LibroController))
#5 C:\xampp\htdocs\biblioteca\system\CodeIgniter.php(326): CodeIgniter\CodeIgniter->handleRequest(NULL, Object(Config\Cache), false)
#6 C:\xampp\htdocs\biblioteca\public\index.php(37): CodeIgniter\CodeIgniter->run()
#7 {main}
CRITICAL - 2022-03-24 11:49:52 --> Undefined variable $libros
#0 C:\xampp\htdocs\biblioteca\app\Views\template\header.php(11): CodeIgniter\Debug\Exceptions->errorHandler(2, 'Undefined varia...', 'C:\\xampp\\htdocs...', 11)
#1 C:\xampp\htdocs\biblioteca\system\View\View.php(210): include('C:\\xampp\\htdocs...')
#2 C:\xampp\htdocs\biblioteca\system\View\View.php(213): CodeIgniter\View\View->CodeIgniter\View\{closure}()
#3 C:\xampp\htdocs\biblioteca\system\Common.php(1089): CodeIgniter\View\View->render('template/header', Array, true)
#4 C:\xampp\htdocs\biblioteca\app\Controllers\LibroController.php(13): view('template/header')
#5 C:\xampp\htdocs\biblioteca\system\CodeIgniter.php(832): App\Controllers\LibroController->index()
#6 C:\xampp\htdocs\biblioteca\system\CodeIgniter.php(419): CodeIgniter\CodeIgniter->runController(Object(App\Controllers\LibroController))
#7 C:\xampp\htdocs\biblioteca\system\CodeIgniter.php(326): CodeIgniter\CodeIgniter->handleRequest(NULL, Object(Config\Cache), false)
#8 C:\xampp\htdocs\biblioteca\public\index.php(37): CodeIgniter\CodeIgniter->run()
#9 {main}
CRITICAL - 2022-03-24 11:49:53 --> Undefined variable $libros
#0 C:\xampp\htdocs\biblioteca\app\Views\template\header.php(11): CodeIgniter\Debug\Exceptions->errorHandler(2, 'Undefined varia...', 'C:\\xampp\\htdocs...', 11)
#1 C:\xampp\htdocs\biblioteca\system\View\View.php(210): include('C:\\xampp\\htdocs...')
#2 C:\xampp\htdocs\biblioteca\system\View\View.php(213): CodeIgniter\View\View->CodeIgniter\View\{closure}()
#3 C:\xampp\htdocs\biblioteca\system\Common.php(1089): CodeIgniter\View\View->render('template/header', Array, true)
#4 C:\xampp\htdocs\biblioteca\app\Controllers\LibroController.php(13): view('template/header')
#5 C:\xampp\htdocs\biblioteca\system\CodeIgniter.php(832): App\Controllers\LibroController->index()
#6 C:\xampp\htdocs\biblioteca\system\CodeIgniter.php(419): CodeIgniter\CodeIgniter->runController(Object(App\Controllers\LibroController))
#7 C:\xampp\htdocs\biblioteca\system\CodeIgniter.php(326): CodeIgniter\CodeIgniter->handleRequest(NULL, Object(Config\Cache), false)
#8 C:\xampp\htdocs\biblioteca\public\index.php(37): CodeIgniter\CodeIgniter->run()
#9 {main}
CRITICAL - 2022-03-24 12:56:55 --> Declaration of App\Models\Libro::save($data) must be compatible with CodeIgniter\BaseModel::save($data): bool
#0 [internal function]: CodeIgniter\Debug\Exceptions->shutdownHandler()
#1 {main}
CRITICAL - 2022-03-24 13:06:59 --> Declaration of App\Models\Libro::save($data) must be compatible with CodeIgniter\BaseModel::save($data): bool
#0 [internal function]: CodeIgniter\Debug\Exceptions->shutdownHandler()
#1 {main}
CRITICAL - 2022-03-24 13:07:57 --> Declaration of App\Models\Libro::save($data) must be compatible with CodeIgniter\BaseModel::save($data): bool
#0 [internal function]: CodeIgniter\Debug\Exceptions->shutdownHandler()
#1 {main}
CRITICAL - 2022-03-24 13:14:28 --> The original file is not a valid file.
#0 C:\xampp\htdocs\biblioteca\system\HTTP\Files\UploadedFile.php(137): CodeIgniter\HTTP\Exceptions\HTTPException::forInvalidFile()
#1 C:\xampp\htdocs\biblioteca\app\Controllers\LibroController.php(33): CodeIgniter\HTTP\Files\UploadedFile->move('../public/uploa...', '1648145668_67ad...')
#2 C:\xampp\htdocs\biblioteca\system\CodeIgniter.php(832): App\Controllers\LibroController->guardarLibro()
#3 C:\xampp\htdocs\biblioteca\system\CodeIgniter.php(419): CodeIgniter\CodeIgniter->runController(Object(App\Controllers\LibroController))
#4 C:\xampp\htdocs\biblioteca\system\CodeIgniter.php(326): CodeIgniter\CodeIgniter->handleRequest(NULL, Object(Config\Cache), false)
#5 C:\xampp\htdocs\biblioteca\public\index.php(37): CodeIgniter\CodeIgniter->run()
#6 {main}
CRITICAL - 2022-03-24 13:16:32 --> The original file is not a valid file.
#0 C:\xampp\htdocs\biblioteca\system\HTTP\Files\UploadedFile.php(137): CodeIgniter\HTTP\Exceptions\HTTPException::forInvalidFile()
#1 C:\xampp\htdocs\biblioteca\app\Controllers\LibroController.php(33): CodeIgniter\HTTP\Files\UploadedFile->move('../public/uploa...', '1648145792_7f6b...')
#2 C:\xampp\htdocs\biblioteca\system\CodeIgniter.php(832): App\Controllers\LibroController->guardarLibro()
#3 C:\xampp\htdocs\biblioteca\system\CodeIgniter.php(419): CodeIgniter\CodeIgniter->runController(Object(App\Controllers\LibroController))
#4 C:\xampp\htdocs\biblioteca\system\CodeIgniter.php(326): CodeIgniter\CodeIgniter->handleRequest(NULL, Object(Config\Cache), false)
#5 C:\xampp\htdocs\biblioteca\public\index.php(37): CodeIgniter\CodeIgniter->run()
#6 {main}
CRITICAL - 2022-03-24 13:26:55 --> syntax error, unexpected token ";", expecting ")"
#0 C:\xampp\htdocs\biblioteca\system\View\View.php(213): CodeIgniter\View\View->CodeIgniter\View\{closure}()
#1 C:\xampp\htdocs\biblioteca\system\Common.php(1089): CodeIgniter\View\View->render('Libros/listar', Array, true)
#2 C:\xampp\htdocs\biblioteca\app\Controllers\LibroController.php(17): view('Libros/listar', Array)
#3 C:\xampp\htdocs\biblioteca\system\CodeIgniter.php(832): App\Controllers\LibroController->index()
#4 C:\xampp\htdocs\biblioteca\system\CodeIgniter.php(419): CodeIgniter\CodeIgniter->runController(Object(App\Controllers\LibroController))
#5 C:\xampp\htdocs\biblioteca\system\CodeIgniter.php(326): CodeIgniter\CodeIgniter->handleRequest(NULL, Object(Config\Cache), false)
#6 C:\xampp\htdocs\biblioteca\public\index.php(37): CodeIgniter\CodeIgniter->run()
#7 {main}
