CRITICAL - 2022-03-27 17:29:06 --> Undefined variable $header
#0 C:\xampp\htdocs\biblioteca\app\Views\libros\crear.php(1): CodeIgniter\Debug\Exceptions->errorHandler(2, 'Undefined varia...', 'C:\\xampp\\htdocs...', 1)
#1 C:\xampp\htdocs\biblioteca\system\View\View.php(210): include('C:\\xampp\\htdocs...')
#2 C:\xampp\htdocs\biblioteca\system\View\View.php(213): CodeIgniter\View\View->CodeIgniter\View\{closure}()
#3 C:\xampp\htdocs\biblioteca\system\Common.php(1089): CodeIgniter\View\View->render('libros/crear', Array, true)
#4 C:\xampp\htdocs\biblioteca\app\Controllers\Home.php(9): view('libros/crear')
#5 C:\xampp\htdocs\biblioteca\system\CodeIgniter.php(832): App\Controllers\Home->index()
#6 C:\xampp\htdocs\biblioteca\system\CodeIgniter.php(419): CodeIgniter\CodeIgniter->runController(Object(App\Controllers\Home))
#7 C:\xampp\htdocs\biblioteca\system\CodeIgniter.php(326): CodeIgniter\CodeIgniter->handleRequest(NULL, Object(Config\Cache), false)
#8 C:\xampp\htdocs\biblioteca\public\index.php(37): CodeIgniter\CodeIgniter->run()
#9 {main}
CRITICAL - 2022-03-27 17:29:09 --> Undefined variable $header
#0 C:\xampp\htdocs\biblioteca\app\Views\libros\crear.php(1): CodeIgniter\Debug\Exceptions->errorHandler(2, 'Undefined varia...', 'C:\\xampp\\htdocs...', 1)
#1 C:\xampp\htdocs\biblioteca\system\View\View.php(210): include('C:\\xampp\\htdocs...')
#2 C:\xampp\htdocs\biblioteca\system\View\View.php(213): CodeIgniter\View\View->CodeIgniter\View\{closure}()
#3 C:\xampp\htdocs\biblioteca\system\Common.php(1089): CodeIgniter\View\View->render('libros/crear', Array, true)
#4 C:\xampp\htdocs\biblioteca\app\Controllers\Home.php(9): view('libros/crear')
#5 C:\xampp\htdocs\biblioteca\system\CodeIgniter.php(832): App\Controllers\Home->index()
#6 C:\xampp\htdocs\biblioteca\system\CodeIgniter.php(419): CodeIgniter\CodeIgniter->runController(Object(App\Controllers\Home))
#7 C:\xampp\htdocs\biblioteca\system\CodeIgniter.php(326): CodeIgniter\CodeIgniter->handleRequest(NULL, Object(Config\Cache), false)
#8 C:\xampp\htdocs\biblioteca\public\index.php(37): CodeIgniter\CodeIgniter->run()
#9 {main}
CRITICAL - 2022-03-27 17:30:27 --> file_size is not a valid rule.
#0 C:\xampp\htdocs\biblioteca\system\Validation\Validation.php(300): CodeIgniter\Validation\Exceptions\ValidationException::forRuleNotFound('file_size')
#1 C:\xampp\htdocs\biblioteca\system\Validation\Validation.php(157): CodeIgniter\Validation\Validation->processRules('imagen', 'imagen', NULL, Array, Array)
#2 C:\xampp\htdocs\biblioteca\system\Controller.php(160): CodeIgniter\Validation\Validation->run()
#3 C:\xampp\htdocs\biblioteca\app\Controllers\LibroController.php(78): CodeIgniter\Controller->validate(Array)
#4 C:\xampp\htdocs\biblioteca\system\CodeIgniter.php(832): App\Controllers\LibroController->actualizarLibro('4')
#5 C:\xampp\htdocs\biblioteca\system\CodeIgniter.php(419): CodeIgniter\CodeIgniter->runController(Object(App\Controllers\LibroController))
#6 C:\xampp\htdocs\biblioteca\system\CodeIgniter.php(326): CodeIgniter\CodeIgniter->handleRequest(NULL, Object(Config\Cache), false)
#7 C:\xampp\htdocs\biblioteca\public\index.php(37): CodeIgniter\CodeIgniter->run()
#8 {main}
CRITICAL - 2022-03-27 17:31:39 --> file_size[imagen,10240 is not a valid rule.
#0 C:\xampp\htdocs\biblioteca\system\Validation\Validation.php(300): CodeIgniter\Validation\Exceptions\ValidationException::forRuleNotFound('file_size[image...')
#1 C:\xampp\htdocs\biblioteca\system\Validation\Validation.php(157): CodeIgniter\Validation\Validation->processRules('imagen', 'imagen', NULL, Array, Array)
#2 C:\xampp\htdocs\biblioteca\system\Controller.php(160): CodeIgniter\Validation\Validation->run()
#3 C:\xampp\htdocs\biblioteca\app\Controllers\LibroController.php(78): CodeIgniter\Controller->validate(Array)
#4 C:\xampp\htdocs\biblioteca\system\CodeIgniter.php(832): App\Controllers\LibroController->actualizarLibro('4')
#5 C:\xampp\htdocs\biblioteca\system\CodeIgniter.php(419): CodeIgniter\CodeIgniter->runController(Object(App\Controllers\LibroController))
#6 C:\xampp\htdocs\biblioteca\system\CodeIgniter.php(326): CodeIgniter\CodeIgniter->handleRequest(NULL, Object(Config\Cache), false)
#7 C:\xampp\htdocs\biblioteca\public\index.php(37): CodeIgniter\CodeIgniter->run()
#8 {main}
CRITICAL - 2022-03-27 17:31:57 --> file_size[imagen,10240 is not a valid rule.
#0 C:\xampp\htdocs\biblioteca\system\Validation\Validation.php(300): CodeIgniter\Validation\Exceptions\ValidationException::forRuleNotFound('file_size[image...')
#1 C:\xampp\htdocs\biblioteca\system\Validation\Validation.php(157): CodeIgniter\Validation\Validation->processRules('imagen', 'imagen', NULL, Array, Array)
#2 C:\xampp\htdocs\biblioteca\system\Controller.php(160): CodeIgniter\Validation\Validation->run()
#3 C:\xampp\htdocs\biblioteca\app\Controllers\LibroController.php(78): CodeIgniter\Controller->validate(Array)
#4 C:\xampp\htdocs\biblioteca\system\CodeIgniter.php(832): App\Controllers\LibroController->actualizarLibro('4')
#5 C:\xampp\htdocs\biblioteca\system\CodeIgniter.php(419): CodeIgniter\CodeIgniter->runController(Object(App\Controllers\LibroController))
#6 C:\xampp\htdocs\biblioteca\system\CodeIgniter.php(326): CodeIgniter\CodeIgniter->handleRequest(NULL, Object(Config\Cache), false)
#7 C:\xampp\htdocs\biblioteca\public\index.php(37): CodeIgniter\CodeIgniter->run()
#8 {main}
CRITICAL - 2022-03-27 17:32:00 --> file_size[imagen,10240 is not a valid rule.
#0 C:\xampp\htdocs\biblioteca\system\Validation\Validation.php(300): CodeIgniter\Validation\Exceptions\ValidationException::forRuleNotFound('file_size[image...')
#1 C:\xampp\htdocs\biblioteca\system\Validation\Validation.php(157): CodeIgniter\Validation\Validation->processRules('imagen', 'imagen', NULL, Array, Array)
#2 C:\xampp\htdocs\biblioteca\system\Controller.php(160): CodeIgniter\Validation\Validation->run()
#3 C:\xampp\htdocs\biblioteca\app\Controllers\LibroController.php(78): CodeIgniter\Controller->validate(Array)
#4 C:\xampp\htdocs\biblioteca\system\CodeIgniter.php(832): App\Controllers\LibroController->actualizarLibro('4')
#5 C:\xampp\htdocs\biblioteca\system\CodeIgniter.php(419): CodeIgniter\CodeIgniter->runController(Object(App\Controllers\LibroController))
#6 C:\xampp\htdocs\biblioteca\system\CodeIgniter.php(326): CodeIgniter\CodeIgniter->handleRequest(NULL, Object(Config\Cache), false)
#7 C:\xampp\htdocs\biblioteca\public\index.php(37): CodeIgniter\CodeIgniter->run()
#8 {main}
CRITICAL - 2022-03-27 17:34:15 --> file_size[imagen,10240 is not a valid rule.
#0 C:\xampp\htdocs\biblioteca\system\Validation\Validation.php(300): CodeIgniter\Validation\Exceptions\ValidationException::forRuleNotFound('file_size[image...')
#1 C:\xampp\htdocs\biblioteca\system\Validation\Validation.php(157): CodeIgniter\Validation\Validation->processRules('imagen', 'imagen', NULL, Array, Array)
#2 C:\xampp\htdocs\biblioteca\system\Controller.php(160): CodeIgniter\Validation\Validation->run()
#3 C:\xampp\htdocs\biblioteca\app\Controllers\LibroController.php(78): CodeIgniter\Controller->validate(Array)
#4 C:\xampp\htdocs\biblioteca\system\CodeIgniter.php(832): App\Controllers\LibroController->actualizarLibro('4')
#5 C:\xampp\htdocs\biblioteca\system\CodeIgniter.php(419): CodeIgniter\CodeIgniter->runController(Object(App\Controllers\LibroController))
#6 C:\xampp\htdocs\biblioteca\system\CodeIgniter.php(326): CodeIgniter\CodeIgniter->handleRequest(NULL, Object(Config\Cache), false)
#7 C:\xampp\htdocs\biblioteca\public\index.php(37): CodeIgniter\CodeIgniter->run()
#8 {main}
CRITICAL - 2022-03-27 17:35:01 --> file_size[imagen,10240 is not a valid rule.
#0 C:\xampp\htdocs\biblioteca\system\Validation\Validation.php(300): CodeIgniter\Validation\Exceptions\ValidationException::forRuleNotFound('file_size[image...')
#1 C:\xampp\htdocs\biblioteca\system\Validation\Validation.php(157): CodeIgniter\Validation\Validation->processRules('imagen', 'imagen', NULL, Array, Array)
#2 C:\xampp\htdocs\biblioteca\system\Controller.php(160): CodeIgniter\Validation\Validation->run()
#3 C:\xampp\htdocs\biblioteca\app\Controllers\LibroController.php(78): CodeIgniter\Controller->validate(Array)
#4 C:\xampp\htdocs\biblioteca\system\CodeIgniter.php(832): App\Controllers\LibroController->actualizarLibro('4')
#5 C:\xampp\htdocs\biblioteca\system\CodeIgniter.php(419): CodeIgniter\CodeIgniter->runController(Object(App\Controllers\LibroController))
#6 C:\xampp\htdocs\biblioteca\system\CodeIgniter.php(326): CodeIgniter\CodeIgniter->handleRequest(NULL, Object(Config\Cache), false)
#7 C:\xampp\htdocs\biblioteca\public\index.php(37): CodeIgniter\CodeIgniter->run()
#8 {main}
CRITICAL - 2022-03-27 17:35:47 --> file_size is not a valid rule.
#0 C:\xampp\htdocs\biblioteca\system\Validation\Validation.php(300): CodeIgniter\Validation\Exceptions\ValidationException::forRuleNotFound('file_size')
#1 C:\xampp\htdocs\biblioteca\system\Validation\Validation.php(157): CodeIgniter\Validation\Validation->processRules('imagen', 'imagen', NULL, Array, Array)
#2 C:\xampp\htdocs\biblioteca\system\Controller.php(160): CodeIgniter\Validation\Validation->run()
#3 C:\xampp\htdocs\biblioteca\app\Controllers\LibroController.php(78): CodeIgniter\Controller->validate(Array)
#4 C:\xampp\htdocs\biblioteca\system\CodeIgniter.php(832): App\Controllers\LibroController->actualizarLibro('4')
#5 C:\xampp\htdocs\biblioteca\system\CodeIgniter.php(419): CodeIgniter\CodeIgniter->runController(Object(App\Controllers\LibroController))
#6 C:\xampp\htdocs\biblioteca\system\CodeIgniter.php(326): CodeIgniter\CodeIgniter->handleRequest(NULL, Object(Config\Cache), false)
#7 C:\xampp\htdocs\biblioteca\public\index.php(37): CodeIgniter\CodeIgniter->run()
#8 {main}
CRITICAL - 2022-03-27 17:35:57 --> file_size is not a valid rule.
#0 C:\xampp\htdocs\biblioteca\system\Validation\Validation.php(300): CodeIgniter\Validation\Exceptions\ValidationException::forRuleNotFound('file_size')
#1 C:\xampp\htdocs\biblioteca\system\Validation\Validation.php(157): CodeIgniter\Validation\Validation->processRules('imagen', 'imagen', NULL, Array, Array)
#2 C:\xampp\htdocs\biblioteca\system\Controller.php(160): CodeIgniter\Validation\Validation->run()
#3 C:\xampp\htdocs\biblioteca\app\Controllers\LibroController.php(78): CodeIgniter\Controller->validate(Array)
#4 C:\xampp\htdocs\biblioteca\system\CodeIgniter.php(832): App\Controllers\LibroController->actualizarLibro('4')
#5 C:\xampp\htdocs\biblioteca\system\CodeIgniter.php(419): CodeIgniter\CodeIgniter->runController(Object(App\Controllers\LibroController))
#6 C:\xampp\htdocs\biblioteca\system\CodeIgniter.php(326): CodeIgniter\CodeIgniter->handleRequest(NULL, Object(Config\Cache), false)
#7 C:\xampp\htdocs\biblioteca\public\index.php(37): CodeIgniter\CodeIgniter->run()
#8 {main}
