CRITICAL - 2022-03-22 23:53:05 --> The framework needs the following extension(s) installed and loaded: intl.
#0 C:\xampp\htdocs\biblioteca_proyecto\system\CodeIgniter.php(219): CodeIgniter\Exceptions\FrameworkException::forMissingExtension('intl')
#1 C:\xampp\htdocs\biblioteca_proyecto\system\CodeIgniter.php(177): CodeIgniter\CodeIgniter->resolvePlatformExtensions()
#2 C:\xampp\htdocs\biblioteca_proyecto\system\bootstrap.php(146): CodeIgniter\CodeIgniter->initialize()
#3 C:\xampp\htdocs\biblioteca_proyecto\public\index.php(28): require('C:\\xampp\\htdocs...')
#4 {main}
CRITICAL - 2022-03-22 23:53:14 --> The framework needs the following extension(s) installed and loaded: intl.
#0 C:\xampp\htdocs\biblioteca_proyecto\system\CodeIgniter.php(219): CodeIgniter\Exceptions\FrameworkException::forMissingExtension('intl')
#1 C:\xampp\htdocs\biblioteca_proyecto\system\CodeIgniter.php(177): CodeIgniter\CodeIgniter->resolvePlatformExtensions()
#2 C:\xampp\htdocs\biblioteca_proyecto\system\bootstrap.php(146): CodeIgniter\CodeIgniter->initialize()
#3 C:\xampp\htdocs\biblioteca_proyecto\public\index.php(28): require('C:\\xampp\\htdocs...')
#4 {main}
CRITICAL - 2022-03-22 23:53:25 --> The framework needs the following extension(s) installed and loaded: intl.
#0 C:\xampp\htdocs\biblioteca_proyecto\system\CodeIgniter.php(219): CodeIgniter\Exceptions\FrameworkException::forMissingExtension('intl')
#1 C:\xampp\htdocs\biblioteca_proyecto\system\CodeIgniter.php(177): CodeIgniter\CodeIgniter->resolvePlatformExtensions()
#2 C:\xampp\htdocs\biblioteca_proyecto\system\bootstrap.php(146): CodeIgniter\CodeIgniter->initialize()
#3 C:\xampp\htdocs\biblioteca_proyecto\public\index.php(28): require('C:\\xampp\\htdocs...')
#4 {main}
CRITICAL - 2022-03-22 23:54:16 --> The framework needs the following extension(s) installed and loaded: intl.
#0 C:\xampp\htdocs\biblioteca\system\CodeIgniter.php(219): CodeIgniter\Exceptions\FrameworkException::forMissingExtension('intl')
#1 C:\xampp\htdocs\biblioteca\system\CodeIgniter.php(177): CodeIgniter\CodeIgniter->resolvePlatformExtensions()
#2 C:\xampp\htdocs\biblioteca\system\bootstrap.php(146): CodeIgniter\CodeIgniter->initialize()
#3 C:\xampp\htdocs\biblioteca\public\index.php(28): require('C:\\xampp\\htdocs...')
#4 {main}
CRITICAL - 2022-03-22 23:57:17 --> The framework needs the following extension(s) installed and loaded: intl.
#0 C:\xampp\htdocs\biblioteca\system\CodeIgniter.php(219): CodeIgniter\Exceptions\FrameworkException::forMissingExtension('intl')
#1 C:\xampp\htdocs\biblioteca\system\CodeIgniter.php(177): CodeIgniter\CodeIgniter->resolvePlatformExtensions()
#2 C:\xampp\htdocs\biblioteca\system\bootstrap.php(146): CodeIgniter\CodeIgniter->initialize()
#3 C:\xampp\htdocs\biblioteca\public\index.php(28): require('C:\\xampp\\htdocs...')
#4 {main}
CRITICAL - 2022-03-22 23:57:18 --> The framework needs the following extension(s) installed and loaded: intl.
#0 C:\xampp\htdocs\biblioteca\system\CodeIgniter.php(219): CodeIgniter\Exceptions\FrameworkException::forMissingExtension('intl')
#1 C:\xampp\htdocs\biblioteca\system\CodeIgniter.php(177): CodeIgniter\CodeIgniter->resolvePlatformExtensions()
#2 C:\xampp\htdocs\biblioteca\system\bootstrap.php(146): CodeIgniter\CodeIgniter->initialize()
#3 C:\xampp\htdocs\biblioteca\public\index.php(28): require('C:\\xampp\\htdocs...')
#4 {main}
CRITICAL - 2022-03-22 23:57:19 --> The framework needs the following extension(s) installed and loaded: intl.
#0 C:\xampp\htdocs\biblioteca\system\CodeIgniter.php(219): CodeIgniter\Exceptions\FrameworkException::forMissingExtension('intl')
#1 C:\xampp\htdocs\biblioteca\system\CodeIgniter.php(177): CodeIgniter\CodeIgniter->resolvePlatformExtensions()
#2 C:\xampp\htdocs\biblioteca\system\bootstrap.php(146): CodeIgniter\CodeIgniter->initialize()
#3 C:\xampp\htdocs\biblioteca\public\index.php(28): require('C:\\xampp\\htdocs...')
#4 {main}
CRITICAL - 2022-03-22 23:57:19 --> The framework needs the following extension(s) installed and loaded: intl.
#0 C:\xampp\htdocs\biblioteca\system\CodeIgniter.php(219): CodeIgniter\Exceptions\FrameworkException::forMissingExtension('intl')
#1 C:\xampp\htdocs\biblioteca\system\CodeIgniter.php(177): CodeIgniter\CodeIgniter->resolvePlatformExtensions()
#2 C:\xampp\htdocs\biblioteca\system\bootstrap.php(146): CodeIgniter\CodeIgniter->initialize()
#3 C:\xampp\htdocs\biblioteca\public\index.php(28): require('C:\\xampp\\htdocs...')
#4 {main}
CRITICAL - 2022-03-22 18:37:46 --> Invalid file: listar.php
#0 C:\xampp\htdocs\biblioteca\system\View\View.php(198): CodeIgniter\Exceptions\FrameworkException::forInvalidFile('listar.php')
#1 C:\xampp\htdocs\biblioteca\system\Common.php(1089): CodeIgniter\View\View->render('listar', Array, true)
#2 C:\xampp\htdocs\biblioteca\app\Controllers\Home.php(9): view('listar')
#3 C:\xampp\htdocs\biblioteca\system\CodeIgniter.php(832): App\Controllers\Home->index()
#4 C:\xampp\htdocs\biblioteca\system\CodeIgniter.php(419): CodeIgniter\CodeIgniter->runController(Object(App\Controllers\Home))
#5 C:\xampp\htdocs\biblioteca\system\CodeIgniter.php(326): CodeIgniter\CodeIgniter->handleRequest(NULL, Object(Config\Cache), false)
#6 C:\xampp\htdocs\biblioteca\public\index.php(37): CodeIgniter\CodeIgniter->run()
#7 {main}
CRITICAL - 2022-03-22 18:37:58 --> Invalid file: /listar.php
#0 C:\xampp\htdocs\biblioteca\system\View\View.php(198): CodeIgniter\Exceptions\FrameworkException::forInvalidFile('/listar.php')
#1 C:\xampp\htdocs\biblioteca\system\Common.php(1089): CodeIgniter\View\View->render('/listar', Array, true)
#2 C:\xampp\htdocs\biblioteca\app\Controllers\Home.php(9): view('/listar')
#3 C:\xampp\htdocs\biblioteca\system\CodeIgniter.php(832): App\Controllers\Home->index()
#4 C:\xampp\htdocs\biblioteca\system\CodeIgniter.php(419): CodeIgniter\CodeIgniter->runController(Object(App\Controllers\Home))
#5 C:\xampp\htdocs\biblioteca\system\CodeIgniter.php(326): CodeIgniter\CodeIgniter->handleRequest(NULL, Object(Config\Cache), false)
#6 C:\xampp\htdocs\biblioteca\public\index.php(37): CodeIgniter\CodeIgniter->run()
#7 {main}
CRITICAL - 2022-03-22 18:47:18 --> Invalid file: Libro/listar.php
#0 C:\xampp\htdocs\biblioteca\system\View\View.php(198): CodeIgniter\Exceptions\FrameworkException::forInvalidFile('Libro/listar.ph...')
#1 C:\xampp\htdocs\biblioteca\system\Common.php(1089): CodeIgniter\View\View->render('Libro/listar', Array, true)
#2 C:\xampp\htdocs\biblioteca\app\Controllers\LibroController.php(12): view('Libro/listar', Array)
#3 C:\xampp\htdocs\biblioteca\system\CodeIgniter.php(832): App\Controllers\LibroController->index()
#4 C:\xampp\htdocs\biblioteca\system\CodeIgniter.php(419): CodeIgniter\CodeIgniter->runController(Object(App\Controllers\LibroController))
#5 C:\xampp\htdocs\biblioteca\system\CodeIgniter.php(326): CodeIgniter\CodeIgniter->handleRequest(NULL, Object(Config\Cache), false)
#6 C:\xampp\htdocs\biblioteca\public\index.php(37): CodeIgniter\CodeIgniter->run()
#7 {main}
CRITICAL - 2022-03-22 18:47:55 --> Invalid file: Libro/listar.php
#0 C:\xampp\htdocs\biblioteca\system\View\View.php(198): CodeIgniter\Exceptions\FrameworkException::forInvalidFile('Libro/listar.ph...')
#1 C:\xampp\htdocs\biblioteca\system\Common.php(1089): CodeIgniter\View\View->render('Libro/listar', Array, true)
#2 C:\xampp\htdocs\biblioteca\app\Controllers\LibroController.php(12): view('Libro/listar')
#3 C:\xampp\htdocs\biblioteca\system\CodeIgniter.php(832): App\Controllers\LibroController->index()
#4 C:\xampp\htdocs\biblioteca\system\CodeIgniter.php(419): CodeIgniter\CodeIgniter->runController(Object(App\Controllers\LibroController))
#5 C:\xampp\htdocs\biblioteca\system\CodeIgniter.php(326): CodeIgniter\CodeIgniter->handleRequest(NULL, Object(Config\Cache), false)
#6 C:\xampp\htdocs\biblioteca\public\index.php(37): CodeIgniter\CodeIgniter->run()
#7 {main}
CRITICAL - 2022-03-22 18:48:09 --> Invalid file: Libro/listar.php
#0 C:\xampp\htdocs\biblioteca\system\View\View.php(198): CodeIgniter\Exceptions\FrameworkException::forInvalidFile('Libro/listar.ph...')
#1 C:\xampp\htdocs\biblioteca\system\Common.php(1089): CodeIgniter\View\View->render('Libro/listar', Array, true)
#2 C:\xampp\htdocs\biblioteca\app\Controllers\LibroController.php(11): view('Libro/listar')
#3 C:\xampp\htdocs\biblioteca\system\CodeIgniter.php(832): App\Controllers\LibroController->index()
#4 C:\xampp\htdocs\biblioteca\system\CodeIgniter.php(419): CodeIgniter\CodeIgniter->runController(Object(App\Controllers\LibroController))
#5 C:\xampp\htdocs\biblioteca\system\CodeIgniter.php(326): CodeIgniter\CodeIgniter->handleRequest(NULL, Object(Config\Cache), false)
#6 C:\xampp\htdocs\biblioteca\public\index.php(37): CodeIgniter\CodeIgniter->run()
#7 {main}
CRITICAL - 2022-03-22 18:48:10 --> Invalid file: Libro/listar.php
#0 C:\xampp\htdocs\biblioteca\system\View\View.php(198): CodeIgniter\Exceptions\FrameworkException::forInvalidFile('Libro/listar.ph...')
#1 C:\xampp\htdocs\biblioteca\system\Common.php(1089): CodeIgniter\View\View->render('Libro/listar', Array, true)
#2 C:\xampp\htdocs\biblioteca\app\Controllers\LibroController.php(11): view('Libro/listar')
#3 C:\xampp\htdocs\biblioteca\system\CodeIgniter.php(832): App\Controllers\LibroController->index()
#4 C:\xampp\htdocs\biblioteca\system\CodeIgniter.php(419): CodeIgniter\CodeIgniter->runController(Object(App\Controllers\LibroController))
#5 C:\xampp\htdocs\biblioteca\system\CodeIgniter.php(326): CodeIgniter\CodeIgniter->handleRequest(NULL, Object(Config\Cache), false)
#6 C:\xampp\htdocs\biblioteca\public\index.php(37): CodeIgniter\CodeIgniter->run()
#7 {main}
CRITICAL - 2022-03-22 18:49:10 --> Invalid file: Libro/listar.php
#0 C:\xampp\htdocs\biblioteca\system\View\View.php(198): CodeIgniter\Exceptions\FrameworkException::forInvalidFile('Libro/listar.ph...')
#1 C:\xampp\htdocs\biblioteca\system\Common.php(1089): CodeIgniter\View\View->render('Libro/listar', Array, true)
#2 C:\xampp\htdocs\biblioteca\app\Controllers\LibroController.php(11): view('Libro/listar')
#3 C:\xampp\htdocs\biblioteca\system\CodeIgniter.php(832): App\Controllers\LibroController->index()
#4 C:\xampp\htdocs\biblioteca\system\CodeIgniter.php(419): CodeIgniter\CodeIgniter->runController(Object(App\Controllers\LibroController))
#5 C:\xampp\htdocs\biblioteca\system\CodeIgniter.php(326): CodeIgniter\CodeIgniter->handleRequest(NULL, Object(Config\Cache), false)
#6 C:\xampp\htdocs\biblioteca\public\index.php(37): CodeIgniter\CodeIgniter->run()
#7 {main}
CRITICAL - 2022-03-22 18:49:35 --> Invalid file: Libro/listar.php
#0 C:\xampp\htdocs\biblioteca\system\View\View.php(198): CodeIgniter\Exceptions\FrameworkException::forInvalidFile('Libro/listar.ph...')
#1 C:\xampp\htdocs\biblioteca\system\Common.php(1089): CodeIgniter\View\View->render('Libro/listar', Array, true)
#2 C:\xampp\htdocs\biblioteca\app\Controllers\LibroController.php(11): view('Libro/listar')
#3 C:\xampp\htdocs\biblioteca\system\CodeIgniter.php(832): App\Controllers\LibroController->index()
#4 C:\xampp\htdocs\biblioteca\system\CodeIgniter.php(419): CodeIgniter\CodeIgniter->runController(Object(App\Controllers\LibroController))
#5 C:\xampp\htdocs\biblioteca\system\CodeIgniter.php(326): CodeIgniter\CodeIgniter->handleRequest(NULL, Object(Config\Cache), false)
#6 C:\xampp\htdocs\biblioteca\public\index.php(37): CodeIgniter\CodeIgniter->run()
#7 {main}
CRITICAL - 2022-03-22 18:51:24 --> Undefined variable $libro
#0 C:\xampp\htdocs\biblioteca\app\Views\libros\listar.php(13): CodeIgniter\Debug\Exceptions->errorHandler(2, 'Undefined varia...', 'C:\\xampp\\htdocs...', 13)
#1 C:\xampp\htdocs\biblioteca\system\View\View.php(210): include('C:\\xampp\\htdocs...')
#2 C:\xampp\htdocs\biblioteca\system\View\View.php(213): CodeIgniter\View\View->CodeIgniter\View\{closure}()
#3 C:\xampp\htdocs\biblioteca\system\Common.php(1089): CodeIgniter\View\View->render('Libros/listar', Array, true)
#4 C:\xampp\htdocs\biblioteca\app\Controllers\LibroController.php(12): view('Libros/listar', Array)
#5 C:\xampp\htdocs\biblioteca\system\CodeIgniter.php(832): App\Controllers\LibroController->index()
#6 C:\xampp\htdocs\biblioteca\system\CodeIgniter.php(419): CodeIgniter\CodeIgniter->runController(Object(App\Controllers\LibroController))
#7 C:\xampp\htdocs\biblioteca\system\CodeIgniter.php(326): CodeIgniter\CodeIgniter->handleRequest(NULL, Object(Config\Cache), false)
#8 C:\xampp\htdocs\biblioteca\public\index.php(37): CodeIgniter\CodeIgniter->run()
#9 {main}
CRITICAL - 2022-03-22 18:51:52 --> Undefined variable $data
#0 C:\xampp\htdocs\biblioteca\app\Views\libros\listar.php(11): CodeIgniter\Debug\Exceptions->errorHandler(2, 'Undefined varia...', 'C:\\xampp\\htdocs...', 11)
#1 C:\xampp\htdocs\biblioteca\system\View\View.php(210): include('C:\\xampp\\htdocs...')
#2 C:\xampp\htdocs\biblioteca\system\View\View.php(213): CodeIgniter\View\View->CodeIgniter\View\{closure}()
#3 C:\xampp\htdocs\biblioteca\system\Common.php(1089): CodeIgniter\View\View->render('Libros/listar', Array, true)
#4 C:\xampp\htdocs\biblioteca\app\Controllers\LibroController.php(12): view('Libros/listar', Array)
#5 C:\xampp\htdocs\biblioteca\system\CodeIgniter.php(832): App\Controllers\LibroController->index()
#6 C:\xampp\htdocs\biblioteca\system\CodeIgniter.php(419): CodeIgniter\CodeIgniter->runController(Object(App\Controllers\LibroController))
#7 C:\xampp\htdocs\biblioteca\system\CodeIgniter.php(326): CodeIgniter\CodeIgniter->handleRequest(NULL, Object(Config\Cache), false)
#8 C:\xampp\htdocs\biblioteca\public\index.php(37): CodeIgniter\CodeIgniter->run()
#9 {main}
CRITICAL - 2022-03-22 18:51:54 --> Undefined variable $data
#0 C:\xampp\htdocs\biblioteca\app\Views\libros\listar.php(11): CodeIgniter\Debug\Exceptions->errorHandler(2, 'Undefined varia...', 'C:\\xampp\\htdocs...', 11)
#1 C:\xampp\htdocs\biblioteca\system\View\View.php(210): include('C:\\xampp\\htdocs...')
#2 C:\xampp\htdocs\biblioteca\system\View\View.php(213): CodeIgniter\View\View->CodeIgniter\View\{closure}()
#3 C:\xampp\htdocs\biblioteca\system\Common.php(1089): CodeIgniter\View\View->render('Libros/listar', Array, true)
#4 C:\xampp\htdocs\biblioteca\app\Controllers\LibroController.php(12): view('Libros/listar', Array)
#5 C:\xampp\htdocs\biblioteca\system\CodeIgniter.php(832): App\Controllers\LibroController->index()
#6 C:\xampp\htdocs\biblioteca\system\CodeIgniter.php(419): CodeIgniter\CodeIgniter->runController(Object(App\Controllers\LibroController))
#7 C:\xampp\htdocs\biblioteca\system\CodeIgniter.php(326): CodeIgniter\CodeIgniter->handleRequest(NULL, Object(Config\Cache), false)
#8 C:\xampp\htdocs\biblioteca\public\index.php(37): CodeIgniter\CodeIgniter->run()
#9 {main}
CRITICAL - 2022-03-22 18:51:54 --> Undefined variable $data
#0 C:\xampp\htdocs\biblioteca\app\Views\libros\listar.php(11): CodeIgniter\Debug\Exceptions->errorHandler(2, 'Undefined varia...', 'C:\\xampp\\htdocs...', 11)
#1 C:\xampp\htdocs\biblioteca\system\View\View.php(210): include('C:\\xampp\\htdocs...')
#2 C:\xampp\htdocs\biblioteca\system\View\View.php(213): CodeIgniter\View\View->CodeIgniter\View\{closure}()
#3 C:\xampp\htdocs\biblioteca\system\Common.php(1089): CodeIgniter\View\View->render('Libros/listar', Array, true)
#4 C:\xampp\htdocs\biblioteca\app\Controllers\LibroController.php(12): view('Libros/listar', Array)
#5 C:\xampp\htdocs\biblioteca\system\CodeIgniter.php(832): App\Controllers\LibroController->index()
#6 C:\xampp\htdocs\biblioteca\system\CodeIgniter.php(419): CodeIgniter\CodeIgniter->runController(Object(App\Controllers\LibroController))
#7 C:\xampp\htdocs\biblioteca\system\CodeIgniter.php(326): CodeIgniter\CodeIgniter->handleRequest(NULL, Object(Config\Cache), false)
#8 C:\xampp\htdocs\biblioteca\public\index.php(37): CodeIgniter\CodeIgniter->run()
#9 {main}
CRITICAL - 2022-03-22 18:51:54 --> Undefined variable $data
#0 C:\xampp\htdocs\biblioteca\app\Views\libros\listar.php(11): CodeIgniter\Debug\Exceptions->errorHandler(2, 'Undefined varia...', 'C:\\xampp\\htdocs...', 11)
#1 C:\xampp\htdocs\biblioteca\system\View\View.php(210): include('C:\\xampp\\htdocs...')
#2 C:\xampp\htdocs\biblioteca\system\View\View.php(213): CodeIgniter\View\View->CodeIgniter\View\{closure}()
#3 C:\xampp\htdocs\biblioteca\system\Common.php(1089): CodeIgniter\View\View->render('Libros/listar', Array, true)
#4 C:\xampp\htdocs\biblioteca\app\Controllers\LibroController.php(12): view('Libros/listar', Array)
#5 C:\xampp\htdocs\biblioteca\system\CodeIgniter.php(832): App\Controllers\LibroController->index()
#6 C:\xampp\htdocs\biblioteca\system\CodeIgniter.php(419): CodeIgniter\CodeIgniter->runController(Object(App\Controllers\LibroController))
#7 C:\xampp\htdocs\biblioteca\system\CodeIgniter.php(326): CodeIgniter\CodeIgniter->handleRequest(NULL, Object(Config\Cache), false)
#8 C:\xampp\htdocs\biblioteca\public\index.php(37): CodeIgniter\CodeIgniter->run()
#9 {main}
CRITICAL - 2022-03-22 18:52:10 --> Undefined variable $data
#0 C:\xampp\htdocs\biblioteca\app\Views\libros\listar.php(11): CodeIgniter\Debug\Exceptions->errorHandler(2, 'Undefined varia...', 'C:\\xampp\\htdocs...', 11)
#1 C:\xampp\htdocs\biblioteca\system\View\View.php(210): include('C:\\xampp\\htdocs...')
#2 C:\xampp\htdocs\biblioteca\system\View\View.php(213): CodeIgniter\View\View->CodeIgniter\View\{closure}()
#3 C:\xampp\htdocs\biblioteca\system\Common.php(1089): CodeIgniter\View\View->render('Libros/listar', Array, true)
#4 C:\xampp\htdocs\biblioteca\app\Controllers\LibroController.php(12): view('Libros/listar', Array)
#5 C:\xampp\htdocs\biblioteca\system\CodeIgniter.php(832): App\Controllers\LibroController->index()
#6 C:\xampp\htdocs\biblioteca\system\CodeIgniter.php(419): CodeIgniter\CodeIgniter->runController(Object(App\Controllers\LibroController))
#7 C:\xampp\htdocs\biblioteca\system\CodeIgniter.php(326): CodeIgniter\CodeIgniter->handleRequest(NULL, Object(Config\Cache), false)
#8 C:\xampp\htdocs\biblioteca\public\index.php(37): CodeIgniter\CodeIgniter->run()
#9 {main}
CRITICAL - 2022-03-22 18:55:49 --> Undefined variable $data
#0 C:\xampp\htdocs\biblioteca\app\Views\libros\listar.php(13): CodeIgniter\Debug\Exceptions->errorHandler(2, 'Undefined varia...', 'C:\\xampp\\htdocs...', 13)
#1 C:\xampp\htdocs\biblioteca\system\View\View.php(210): include('C:\\xampp\\htdocs...')
#2 C:\xampp\htdocs\biblioteca\system\View\View.php(213): CodeIgniter\View\View->CodeIgniter\View\{closure}()
#3 C:\xampp\htdocs\biblioteca\system\Common.php(1089): CodeIgniter\View\View->render('Libros/listar', Array, true)
#4 C:\xampp\htdocs\biblioteca\app\Controllers\LibroController.php(12): view('Libros/listar', Array)
#5 C:\xampp\htdocs\biblioteca\system\CodeIgniter.php(832): App\Controllers\LibroController->index()
#6 C:\xampp\htdocs\biblioteca\system\CodeIgniter.php(419): CodeIgniter\CodeIgniter->runController(Object(App\Controllers\LibroController))
#7 C:\xampp\htdocs\biblioteca\system\CodeIgniter.php(326): CodeIgniter\CodeIgniter->handleRequest(NULL, Object(Config\Cache), false)
#8 C:\xampp\htdocs\biblioteca\public\index.php(37): CodeIgniter\CodeIgniter->run()
#9 {main}
CRITICAL - 2022-03-22 19:12:57 --> Call to undefined method App\Models\Libro::ordenBy
#0 C:\xampp\htdocs\biblioteca\app\Controllers\LibroController.php(11): CodeIgniter\Model->__call('ordenBy', Array)
#1 C:\xampp\htdocs\biblioteca\system\CodeIgniter.php(832): App\Controllers\LibroController->index()
#2 C:\xampp\htdocs\biblioteca\system\CodeIgniter.php(419): CodeIgniter\CodeIgniter->runController(Object(App\Controllers\LibroController))
#3 C:\xampp\htdocs\biblioteca\system\CodeIgniter.php(326): CodeIgniter\CodeIgniter->handleRequest(NULL, Object(Config\Cache), false)
#4 C:\xampp\htdocs\biblioteca\public\index.php(37): CodeIgniter\CodeIgniter->run()
#5 {main}
CRITICAL - 2022-03-22 19:13:11 --> Call to undefined method App\Models\Libro::ordenBy
#0 C:\xampp\htdocs\biblioteca\app\Controllers\LibroController.php(11): CodeIgniter\Model->__call('ordenBy', Array)
#1 C:\xampp\htdocs\biblioteca\system\CodeIgniter.php(832): App\Controllers\LibroController->index()
#2 C:\xampp\htdocs\biblioteca\system\CodeIgniter.php(419): CodeIgniter\CodeIgniter->runController(Object(App\Controllers\LibroController))
#3 C:\xampp\htdocs\biblioteca\system\CodeIgniter.php(326): CodeIgniter\CodeIgniter->handleRequest(NULL, Object(Config\Cache), false)
#4 C:\xampp\htdocs\biblioteca\public\index.php(37): CodeIgniter\CodeIgniter->run()
#5 {main}
CRITICAL - 2022-03-22 19:13:49 --> Call to undefined method App\Models\Libro::ordenBy
#0 C:\xampp\htdocs\biblioteca\app\Controllers\LibroController.php(11): CodeIgniter\Model->__call('ordenBy', Array)
#1 C:\xampp\htdocs\biblioteca\system\CodeIgniter.php(832): App\Controllers\LibroController->index()
#2 C:\xampp\htdocs\biblioteca\system\CodeIgniter.php(419): CodeIgniter\CodeIgniter->runController(Object(App\Controllers\LibroController))
#3 C:\xampp\htdocs\biblioteca\system\CodeIgniter.php(326): CodeIgniter\CodeIgniter->handleRequest(NULL, Object(Config\Cache), false)
#4 C:\xampp\htdocs\biblioteca\public\index.php(37): CodeIgniter\CodeIgniter->run()
#5 {main}
CRITICAL - 2022-03-22 19:13:54 --> Call to undefined method App\Models\Libro::ordenBy
#0 C:\xampp\htdocs\biblioteca\app\Controllers\LibroController.php(11): CodeIgniter\Model->__call('ordenBy', Array)
#1 C:\xampp\htdocs\biblioteca\system\CodeIgniter.php(832): App\Controllers\LibroController->index()
#2 C:\xampp\htdocs\biblioteca\system\CodeIgniter.php(419): CodeIgniter\CodeIgniter->runController(Object(App\Controllers\LibroController))
#3 C:\xampp\htdocs\biblioteca\system\CodeIgniter.php(326): CodeIgniter\CodeIgniter->handleRequest(NULL, Object(Config\Cache), false)
#4 C:\xampp\htdocs\biblioteca\public\index.php(37): CodeIgniter\CodeIgniter->run()
#5 {main}
CRITICAL - 2022-03-22 19:13:54 --> Call to undefined method App\Models\Libro::ordenBy
#0 C:\xampp\htdocs\biblioteca\app\Controllers\LibroController.php(11): CodeIgniter\Model->__call('ordenBy', Array)
#1 C:\xampp\htdocs\biblioteca\system\CodeIgniter.php(832): App\Controllers\LibroController->index()
#2 C:\xampp\htdocs\biblioteca\system\CodeIgniter.php(419): CodeIgniter\CodeIgniter->runController(Object(App\Controllers\LibroController))
#3 C:\xampp\htdocs\biblioteca\system\CodeIgniter.php(326): CodeIgniter\CodeIgniter->handleRequest(NULL, Object(Config\Cache), false)
#4 C:\xampp\htdocs\biblioteca\public\index.php(37): CodeIgniter\CodeIgniter->run()
#5 {main}
CRITICAL - 2022-03-22 19:14:40 --> Call to undefined method App\Models\Libro::ordenBy
#0 C:\xampp\htdocs\biblioteca\app\Controllers\LibroController.php(11): CodeIgniter\Model->__call('ordenBy', Array)
#1 C:\xampp\htdocs\biblioteca\system\CodeIgniter.php(832): App\Controllers\LibroController->index()
#2 C:\xampp\htdocs\biblioteca\system\CodeIgniter.php(419): CodeIgniter\CodeIgniter->runController(Object(App\Controllers\LibroController))
#3 C:\xampp\htdocs\biblioteca\system\CodeIgniter.php(326): CodeIgniter\CodeIgniter->handleRequest(NULL, Object(Config\Cache), false)
#4 C:\xampp\htdocs\biblioteca\public\index.php(37): CodeIgniter\CodeIgniter->run()
#5 {main}
CRITICAL - 2022-03-22 19:14:51 --> Call to undefined method App\Models\Libro::ordenBy
#0 C:\xampp\htdocs\biblioteca\app\Controllers\LibroController.php(11): CodeIgniter\Model->__call('ordenBy', Array)
#1 C:\xampp\htdocs\biblioteca\system\CodeIgniter.php(832): App\Controllers\LibroController->index()
#2 C:\xampp\htdocs\biblioteca\system\CodeIgniter.php(419): CodeIgniter\CodeIgniter->runController(Object(App\Controllers\LibroController))
#3 C:\xampp\htdocs\biblioteca\system\CodeIgniter.php(326): CodeIgniter\CodeIgniter->handleRequest(NULL, Object(Config\Cache), false)
#4 C:\xampp\htdocs\biblioteca\public\index.php(37): CodeIgniter\CodeIgniter->run()
#5 {main}
CRITICAL - 2022-03-22 19:14:52 --> Call to undefined method App\Models\Libro::ordenBy
#0 C:\xampp\htdocs\biblioteca\app\Controllers\LibroController.php(11): CodeIgniter\Model->__call('ordenBy', Array)
#1 C:\xampp\htdocs\biblioteca\system\CodeIgniter.php(832): App\Controllers\LibroController->index()
#2 C:\xampp\htdocs\biblioteca\system\CodeIgniter.php(419): CodeIgniter\CodeIgniter->runController(Object(App\Controllers\LibroController))
#3 C:\xampp\htdocs\biblioteca\system\CodeIgniter.php(326): CodeIgniter\CodeIgniter->handleRequest(NULL, Object(Config\Cache), false)
#4 C:\xampp\htdocs\biblioteca\public\index.php(37): CodeIgniter\CodeIgniter->run()
#5 {main}
CRITICAL - 2022-03-22 19:16:06 --> Call to undefined method App\Models\Libro::ordenBy
#0 C:\xampp\htdocs\biblioteca\app\Controllers\LibroController.php(11): CodeIgniter\Model->__call('ordenBy', Array)
#1 C:\xampp\htdocs\biblioteca\system\CodeIgniter.php(832): App\Controllers\LibroController->index()
#2 C:\xampp\htdocs\biblioteca\system\CodeIgniter.php(419): CodeIgniter\CodeIgniter->runController(Object(App\Controllers\LibroController))
#3 C:\xampp\htdocs\biblioteca\system\CodeIgniter.php(326): CodeIgniter\CodeIgniter->handleRequest(NULL, Object(Config\Cache), false)
#4 C:\xampp\htdocs\biblioteca\public\index.php(37): CodeIgniter\CodeIgniter->run()
#5 {main}
CRITICAL - 2022-03-22 19:16:37 --> Call to undefined method App\Models\Libro::ordenBy
#0 C:\xampp\htdocs\biblioteca\app\Controllers\LibroController.php(11): CodeIgniter\Model->__call('ordenBy', Array)
#1 C:\xampp\htdocs\biblioteca\system\CodeIgniter.php(832): App\Controllers\LibroController->index()
#2 C:\xampp\htdocs\biblioteca\system\CodeIgniter.php(419): CodeIgniter\CodeIgniter->runController(Object(App\Controllers\LibroController))
#3 C:\xampp\htdocs\biblioteca\system\CodeIgniter.php(326): CodeIgniter\CodeIgniter->handleRequest(NULL, Object(Config\Cache), false)
#4 C:\xampp\htdocs\biblioteca\public\index.php(37): CodeIgniter\CodeIgniter->run()
#5 {main}
